<?xml version="1.0" encoding="UTF-8"?>
<coverage generated="1570938960693" clover="3.2.0">
  <project timestamp="1570938960693" name="All files">
    <metrics statements="66" coveredstatements="59" conditionals="69" coveredconditionals="57" methods="10" coveredmethods="9" elements="145" coveredelements="125" complexity="0" loc="66" ncloc="66" packages="1" files="1" classes="1"/>
    <file name="index.js" path="/home/runner/work/simple-keyboard-input-mask/simple-keyboard-input-mask/src/index.js">
      <metrics statements="66" coveredstatements="59" conditionals="69" coveredconditionals="57" methods="10" coveredmethods="9"/>
      <line num="2" count="1" type="stmt"/>
      <line num="3" count="1" type="stmt"/>
      <line num="4" count="1" type="cond" truecount="1" falsecount="1"/>
      <line num="5" count="0" type="stmt"/>
      <line num="8" count="0" type="stmt"/>
      <line num="11" count="1" type="cond" truecount="1" falsecount="1"/>
      <line num="12" count="1" type="stmt"/>
      <line num="15" count="1" type="stmt"/>
      <line num="18" count="1" type="stmt"/>
      <line num="19" count="1" type="stmt"/>
      <line num="21" count="1" type="stmt"/>
      <line num="23" count="1" type="stmt"/>
      <line num="29" count="28" type="stmt"/>
      <line num="30" count="28" type="stmt"/>
      <line num="32" count="28" type="cond" truecount="2" falsecount="0"/>
      <line num="40" count="14" type="cond" truecount="1" falsecount="1"/>
      <line num="41" count="0" type="stmt"/>
      <line num="44" count="14" type="stmt"/>
      <line num="47" count="14" type="stmt"/>
      <line num="54" count="14" type="cond" truecount="2" falsecount="0"/>
      <line num="55" count="14" type="cond" truecount="2" falsecount="0"/>
      <line num="57" count="14" type="stmt"/>
      <line num="64" count="14" type="cond" truecount="2" falsecount="0"/>
      <line num="67" count="10" type="stmt"/>
      <line num="74" count="4" type="stmt"/>
      <line num="77" count="14" type="stmt"/>
      <line num="85" count="28" type="stmt"/>
      <line num="88" count="1" type="stmt"/>
      <line num="89" count="14" type="cond" truecount="1" falsecount="1"/>
      <line num="94" count="14" type="stmt"/>
      <line num="95" count="14" type="stmt"/>
      <line num="96" count="14" type="cond" truecount="2" falsecount="0"/>
      <line num="98" count="14" type="stmt"/>
      <line num="99" count="95" type="stmt"/>
      <line num="102" count="14" type="stmt"/>
      <line num="104" count="0" type="stmt"/>
      <line num="108" count="1" type="stmt"/>
      <line num="109" count="95" type="cond" truecount="4" falsecount="2"/>
      <line num="110" count="0" type="stmt"/>
      <line num="117" count="95" type="cond" truecount="2" falsecount="0"/>
      <line num="123" count="95" type="cond" truecount="2" falsecount="0"/>
      <line num="130" count="95" type="cond" truecount="3" falsecount="0"/>
      <line num="135" count="95" type="cond" truecount="3" falsecount="0"/>
      <line num="138" count="1" type="stmt"/>
      <line num="139" count="28" type="cond" truecount="2" falsecount="0"/>
      <line num="142" count="1" type="stmt"/>
      <line num="143" count="171" type="stmt"/>
      <line num="152" count="1" type="stmt"/>
      <line num="154" count="105" type="stmt"/>
      <line num="156" count="105" type="cond" truecount="1" falsecount="1"/>
      <line num="157" count="0" type="stmt"/>
      <line num="161" count="105" type="stmt"/>
      <line num="165" count="105" type="stmt"/>
      <line num="171" count="1" type="stmt"/>
      <line num="173" count="1" type="stmt"/>
      <line num="174" count="14" type="cond" truecount="4" falsecount="0"/>
      <line num="175" count="4" type="stmt"/>
      <line num="177" count="10" type="stmt"/>
      <line num="180" count="14" type="stmt"/>
      <line num="182" count="14" type="stmt"/>
      <line num="183" count="18" type="cond" truecount="2" falsecount="0"/>
      <line num="189" count="4" type="stmt"/>
      <line num="196" count="4" type="cond" truecount="1" falsecount="1"/>
      <line num="197" count="0" type="cond" truecount="0" falsecount="2"/>
      <line num="202" count="14" type="stmt"/>
      <line num="206" count="14" type="stmt"/>
    </file>
  </project>
</coverage>
