{"/home/runner/work/simple-keyboard-input-mask/simple-keyboard-input-mask/src/index.js": {"path":"/home/runner/work/simple-keyboard-input-mask/simple-keyboard-input-mask/src/index.js","statementMap":{"0":{"start":{"line":2,"column":9},"end":{"line":212,"column":3}},"1":{"start":{"line":3,"column":4},"end":{"line":211,"column":7}},"2":{"start":{"line":4,"column":6},"end":{"line":9,"column":7}},"3":{"start":{"line":5,"column":8},"end":{"line":7,"column":10}},"4":{"start":{"line":8,"column":8},"end":{"line":8,"column":21}},"5":{"start":{"line":11,"column":6},"end":{"line":16,"column":7}},"6":{"start":{"line":12,"column":8},"end":{"line":14,"column":10}},"7":{"start":{"line":15,"column":8},"end":{"line":15,"column":56}},"8":{"start":{"line":18,"column":6},"end":{"line":18,"column":32}},"9":{"start":{"line":19,"column":6},"end":{"line":19,"column":21}},"10":{"start":{"line":21,"column":6},"end":{"line":21,"column":69}},"11":{"start":{"line":23,"column":6},"end":{"line":86,"column":8}},"12":{"start":{"line":29,"column":24},"end":{"line":29,"column":50}},"13":{"start":{"line":30,"column":29},"end":{"line":30,"column":31}},"14":{"start":{"line":32,"column":8},"end":{"line":83,"column":9}},"15":{"start":{"line":40,"column":10},"end":{"line":45,"column":11}},"16":{"start":{"line":41,"column":12},"end":{"line":42,"column":69}},"17":{"start":{"line":44,"column":12},"end":{"line":44,"column":37}},"18":{"start":{"line":47,"column":26},"end":{"line":52,"column":11}},"19":{"start":{"line":54,"column":10},"end":{"line":54,"column":43}},"20":{"start":{"line":55,"column":10},"end":{"line":55,"column":52}},"21":{"start":{"line":57,"column":30},"end":{"line":62,"column":11}},"22":{"start":{"line":64,"column":10},"end":{"line":75,"column":11}},"23":{"start":{"line":67,"column":12},"end":{"line":72,"column":14}},"24":{"start":{"line":74,"column":12},"end":{"line":74,"column":49}},"25":{"start":{"line":77,"column":10},"end":{"line":82,"column":12}},"26":{"start":{"line":85,"column":8},"end":{"line":85,"column":30}},"27":{"start":{"line":88,"column":6},"end":{"line":106,"column":8}},"28":{"start":{"line":89,"column":8},"end":{"line":105,"column":9}},"29":{"start":{"line":94,"column":29},"end":{"line":94,"column":52}},"30":{"start":{"line":95,"column":26},"end":{"line":95,"column":30}},"31":{"start":{"line":96,"column":18},"end":{"line":96,"column":31}},"32":{"start":{"line":98,"column":10},"end":{"line":100,"column":11}},"33":{"start":{"line":99,"column":12},"end":{"line":99,"column":76}},"34":{"start":{"line":102,"column":10},"end":{"line":102,"column":27}},"35":{"start":{"line":104,"column":10},"end":{"line":104,"column":23}},"36":{"start":{"line":108,"column":6},"end":{"line":136,"column":8}},"37":{"start":{"line":109,"column":8},"end":{"line":111,"column":9}},"38":{"start":{"line":110,"column":10},"end":{"line":110,"column":23}},"39":{"start":{"line":117,"column":10},"end":{"line":117,"column":70}},"40":{"start":{"line":123,"column":10},"end":{"line":123,"column":70}},"41":{"start":{"line":130,"column":10},"end":{"line":133,"column":37}},"42":{"start":{"line":135,"column":8},"end":{"line":135,"column":57}},"43":{"start":{"line":138,"column":6},"end":{"line":140,"column":8}},"44":{"start":{"line":139,"column":8},"end":{"line":139,"column":63}},"45":{"start":{"line":142,"column":6},"end":{"line":150,"column":8}},"46":{"start":{"line":143,"column":8},"end":{"line":149,"column":10}},"47":{"start":{"line":152,"column":6},"end":{"line":169,"column":8}},"48":{"start":{"line":154,"column":34},"end":{"line":154,"column":42}},"49":{"start":{"line":156,"column":8},"end":{"line":163,"column":9}},"50":{"start":{"line":157,"column":10},"end":{"line":159,"column":32}},"51":{"start":{"line":161,"column":10},"end":{"line":162,"column":71}},"52":{"start":{"line":165,"column":8},"end":{"line":168,"column":10}},"53":{"start":{"line":171,"column":6},"end":{"line":171,"column":33}},"54":{"start":{"line":173,"column":6},"end":{"line":210,"column":8}},"55":{"start":{"line":174,"column":8},"end":{"line":178,"column":9}},"56":{"start":{"line":175,"column":10},"end":{"line":175,"column":23}},"57":{"start":{"line":177,"column":10},"end":{"line":177,"column":34}},"58":{"start":{"line":180,"column":27},"end":{"line":180,"column":49}},"59":{"start":{"line":182,"column":8},"end":{"line":204,"column":9}},"60":{"start":{"line":182,"column":21},"end":{"line":182,"column":29}},"61":{"start":{"line":183,"column":10},"end":{"line":203,"column":11}},"62":{"start":{"line":189,"column":12},"end":{"line":194,"column":14}},"63":{"start":{"line":196,"column":12},"end":{"line":200,"column":13}},"64":{"start":{"line":197,"column":14},"end":{"line":199,"column":20}},"65":{"start":{"line":202,"column":12},"end":{"line":202,"column":18}},"66":{"start":{"line":206,"column":8},"end":{"line":209,"column":10}}},"fnMap":{"0":{"name":"(anonymous_0)","decl":{"start":{"line":2,"column":9},"end":{"line":2,"column":10}},"loc":{"start":{"line":2,"column":21},"end":{"line":212,"column":3}},"line":2},"1":{"name":"(anonymous_1)","decl":{"start":{"line":3,"column":41},"end":{"line":3,"column":42}},"loc":{"start":{"line":3,"column":51},"end":{"line":211,"column":5}},"line":3},"2":{"name":"(anonymous_2)","decl":{"start":{"line":23,"column":43},"end":{"line":23,"column":44}},"loc":{"start":{"line":28,"column":11},"end":{"line":86,"column":7}},"line":28},"3":{"name":"(anonymous_3)","decl":{"start":{"line":88,"column":37},"end":{"line":88,"column":38}},"loc":{"start":{"line":88,"column":77},"end":{"line":106,"column":7}},"line":88},"4":{"name":"(anonymous_4)","decl":{"start":{"line":108,"column":29},"end":{"line":108,"column":30}},"loc":{"start":{"line":108,"column":59},"end":{"line":136,"column":7}},"line":108},"5":{"name":"(anonymous_5)","decl":{"start":{"line":138,"column":22},"end":{"line":138,"column":23}},"loc":{"start":{"line":138,"column":32},"end":{"line":140,"column":7}},"line":138},"6":{"name":"(anonymous_6)","decl":{"start":{"line":142,"column":24},"end":{"line":142,"column":25}},"loc":{"start":{"line":142,"column":33},"end":{"line":150,"column":7}},"line":142},"7":{"name":"(anonymous_7)","decl":{"start":{"line":152,"column":24},"end":{"line":152,"column":25}},"loc":{"start":{"line":152,"column":33},"end":{"line":169,"column":7}},"line":152},"8":{"name":"(anonymous_8)","decl":{"start":{"line":171,"column":24},"end":{"line":171,"column":25}},"loc":{"start":{"line":171,"column":30},"end":{"line":171,"column":32}},"line":171},"9":{"name":"(anonymous_9)","decl":{"start":{"line":173,"column":29},"end":{"line":173,"column":30}},"loc":{"start":{"line":173,"column":72},"end":{"line":210,"column":7}},"line":173}},"branchMap":{"0":{"loc":{"start":{"line":4,"column":6},"end":{"line":9,"column":7}},"type":"if","locations":[{"start":{"line":4,"column":6},"end":{"line":9,"column":7}},{"start":{"line":4,"column":6},"end":{"line":9,"column":7}}],"line":4},"1":{"loc":{"start":{"line":11,"column":6},"end":{"line":16,"column":7}},"type":"if","locations":[{"start":{"line":11,"column":6},"end":{"line":16,"column":7}},{"start":{"line":11,"column":6},"end":{"line":16,"column":7}}],"line":11},"2":{"loc":{"start":{"line":32,"column":8},"end":{"line":83,"column":9}},"type":"if","locations":[{"start":{"line":32,"column":8},"end":{"line":83,"column":9}},{"start":{"line":32,"column":8},"end":{"line":83,"column":9}}],"line":32},"3":{"loc":{"start":{"line":33,"column":10},"end":{"line":36,"column":19}},"type":"binary-expr","locations":[{"start":{"line":33,"column":10},"end":{"line":33,"column":19}},{"start":{"line":34,"column":11},"end":{"line":34,"column":40}},{"start":{"line":34,"column":44},"end":{"line":34,"column":73}},{"start":{"line":35,"column":10},"end":{"line":35,"column":32}},{"start":{"line":36,"column":10},"end":{"line":36,"column":19}}],"line":33},"4":{"loc":{"start":{"line":40,"column":10},"end":{"line":45,"column":11}},"type":"if","locations":[{"start":{"line":40,"column":10},"end":{"line":45,"column":11}},{"start":{"line":40,"column":10},"end":{"line":45,"column":11}}],"line":40},"5":{"loc":{"start":{"line":54,"column":18},"end":{"line":54,"column":42}},"type":"binary-expr","locations":[{"start":{"line":54,"column":18},"end":{"line":54,"column":33}},{"start":{"line":54,"column":37},"end":{"line":54,"column":42}}],"line":54},"6":{"loc":{"start":{"line":55,"column":21},"end":{"line":55,"column":51}},"type":"binary-expr","locations":[{"start":{"line":55,"column":21},"end":{"line":55,"column":39}},{"start":{"line":55,"column":43},"end":{"line":55,"column":51}}],"line":55},"7":{"loc":{"start":{"line":64,"column":10},"end":{"line":75,"column":11}},"type":"if","locations":[{"start":{"line":64,"column":10},"end":{"line":75,"column":11}},{"start":{"line":64,"column":10},"end":{"line":75,"column":11}}],"line":64},"8":{"loc":{"start":{"line":89,"column":8},"end":{"line":105,"column":9}},"type":"if","locations":[{"start":{"line":89,"column":8},"end":{"line":105,"column":9}},{"start":{"line":89,"column":8},"end":{"line":105,"column":9}}],"line":89},"9":{"loc":{"start":{"line":90,"column":10},"end":{"line":92,"column":58}},"type":"binary-expr","locations":[{"start":{"line":90,"column":10},"end":{"line":90,"column":23}},{"start":{"line":91,"column":10},"end":{"line":91,"column":43}},{"start":{"line":92,"column":11},"end":{"line":92,"column":20}},{"start":{"line":92,"column":24},"end":{"line":92,"column":57}}],"line":90},"10":{"loc":{"start":{"line":96,"column":18},"end":{"line":96,"column":31}},"type":"binary-expr","locations":[{"start":{"line":96,"column":18},"end":{"line":96,"column":26}},{"start":{"line":96,"column":30},"end":{"line":96,"column":31}}],"line":96},"11":{"loc":{"start":{"line":109,"column":8},"end":{"line":111,"column":9}},"type":"if","locations":[{"start":{"line":109,"column":8},"end":{"line":111,"column":9}},{"start":{"line":109,"column":8},"end":{"line":111,"column":9}}],"line":109},"12":{"loc":{"start":{"line":109,"column":12},"end":{"line":109,"column":62}},"type":"binary-expr","locations":[{"start":{"line":109,"column":12},"end":{"line":109,"column":41}},{"start":{"line":109,"column":45},"end":{"line":109,"column":62}}],"line":109},"13":{"loc":{"start":{"line":109,"column":14},"end":{"line":109,"column":40}},"type":"binary-expr","locations":[{"start":{"line":109,"column":14},"end":{"line":109,"column":23}},{"start":{"line":109,"column":27},"end":{"line":109,"column":40}}],"line":109},"14":{"loc":{"start":{"line":117,"column":10},"end":{"line":117,"column":70}},"type":"binary-expr","locations":[{"start":{"line":117,"column":10},"end":{"line":117,"column":36}},{"start":{"line":117,"column":40},"end":{"line":117,"column":70}}],"line":117},"15":{"loc":{"start":{"line":123,"column":10},"end":{"line":123,"column":70}},"type":"binary-expr","locations":[{"start":{"line":123,"column":10},"end":{"line":123,"column":36}},{"start":{"line":123,"column":40},"end":{"line":123,"column":70}}],"line":123},"16":{"loc":{"start":{"line":130,"column":10},"end":{"line":133,"column":37}},"type":"binary-expr","locations":[{"start":{"line":130,"column":10},"end":{"line":130,"column":22}},{"start":{"line":131,"column":10},"end":{"line":131,"column":22}},{"start":{"line":133,"column":10},"end":{"line":133,"column":37}}],"line":130},"17":{"loc":{"start":{"line":135,"column":15},"end":{"line":135,"column":56}},"type":"binary-expr","locations":[{"start":{"line":135,"column":15},"end":{"line":135,"column":26}},{"start":{"line":135,"column":30},"end":{"line":135,"column":41}},{"start":{"line":135,"column":45},"end":{"line":135,"column":56}}],"line":135},"18":{"loc":{"start":{"line":139,"column":15},"end":{"line":139,"column":62}},"type":"binary-expr","locations":[{"start":{"line":139,"column":15},"end":{"line":139,"column":34}},{"start":{"line":139,"column":38},"end":{"line":139,"column":62}}],"line":139},"19":{"loc":{"start":{"line":144,"column":10},"end":{"line":148,"column":41}},"type":"binary-expr","locations":[{"start":{"line":144,"column":10},"end":{"line":144,"column":23}},{"start":{"line":146,"column":11},"end":{"line":146,"column":32}},{"start":{"line":148,"column":12},"end":{"line":148,"column":40}}],"line":144},"20":{"loc":{"start":{"line":156,"column":8},"end":{"line":163,"column":9}},"type":"if","locations":[{"start":{"line":156,"column":8},"end":{"line":163,"column":9}},{"start":{"line":156,"column":8},"end":{"line":163,"column":9}}],"line":156},"21":{"loc":{"start":{"line":158,"column":12},"end":{"line":159,"column":31}},"type":"binary-expr","locations":[{"start":{"line":158,"column":12},"end":{"line":158,"column":75}},{"start":{"line":159,"column":12},"end":{"line":159,"column":31}}],"line":158},"22":{"loc":{"start":{"line":162,"column":12},"end":{"line":162,"column":70}},"type":"binary-expr","locations":[{"start":{"line":162,"column":12},"end":{"line":162,"column":47}},{"start":{"line":162,"column":51},"end":{"line":162,"column":70}}],"line":162},"23":{"loc":{"start":{"line":174,"column":8},"end":{"line":178,"column":9}},"type":"if","locations":[{"start":{"line":174,"column":8},"end":{"line":178,"column":9}},{"start":{"line":174,"column":8},"end":{"line":178,"column":9}}],"line":174},"24":{"loc":{"start":{"line":174,"column":12},"end":{"line":174,"column":38}},"type":"binary-expr","locations":[{"start":{"line":174,"column":12},"end":{"line":174,"column":25}},{"start":{"line":174,"column":29},"end":{"line":174,"column":38}}],"line":174},"25":{"loc":{"start":{"line":183,"column":10},"end":{"line":203,"column":11}},"type":"if","locations":[{"start":{"line":183,"column":10},"end":{"line":203,"column":11}},{"start":{"line":183,"column":10},"end":{"line":203,"column":11}}],"line":183},"26":{"loc":{"start":{"line":184,"column":12},"end":{"line":187,"column":52}},"type":"binary-expr","locations":[{"start":{"line":184,"column":12},"end":{"line":184,"column":27}},{"start":{"line":185,"column":12},"end":{"line":185,"column":45}},{"start":{"line":186,"column":12},"end":{"line":186,"column":45}},{"start":{"line":187,"column":13},"end":{"line":187,"column":27}},{"start":{"line":187,"column":31},"end":{"line":187,"column":51}}],"line":184},"27":{"loc":{"start":{"line":196,"column":12},"end":{"line":200,"column":13}},"type":"if","locations":[{"start":{"line":196,"column":12},"end":{"line":200,"column":13}},{"start":{"line":196,"column":12},"end":{"line":200,"column":13}}],"line":196},"28":{"loc":{"start":{"line":197,"column":39},"end":{"line":199,"column":19}},"type":"cond-expr","locations":[{"start":{"line":198,"column":18},"end":{"line":198,"column":44}},{"start":{"line":199,"column":18},"end":{"line":199,"column":19}}],"line":197}},"s":{"0":1,"1":1,"2":1,"3":0,"4":0,"5":1,"6":1,"7":1,"8":1,"9":1,"10":1,"11":1,"12":28,"13":28,"14":28,"15":14,"16":0,"17":14,"18":14,"19":14,"20":14,"21":14,"22":14,"23":10,"24":4,"25":14,"26":28,"27":1,"28":14,"29":14,"30":14,"31":14,"32":14,"33":95,"34":14,"35":0,"36":1,"37":95,"38":0,"39":95,"40":95,"41":95,"42":95,"43":1,"44":28,"45":1,"46":171,"47":1,"48":105,"49":105,"50":0,"51":105,"52":105,"53":1,"54":1,"55":14,"56":4,"57":10,"58":14,"59":14,"60":14,"61":18,"62":4,"63":4,"64":0,"65":14,"66":14},"f":{"0":1,"1":1,"2":28,"3":14,"4":95,"5":28,"6":171,"7":105,"8":0,"9":14},"b":{"0":[0,1],"1":[1,0],"2":[14,14],"3":[28,28,28,28,28],"4":[0,14],"5":[14,3],"6":[14,14],"7":[10,4],"8":[14,0],"9":[14,14,14,14],"10":[14,14],"11":[0,95],"12":[95,0],"13":[95,95],"14":[95,58],"15":[95,3],"16":[95,37,37],"17":[95,37,37],"18":[28,28],"19":[171,170,137],"20":[0,105],"21":[0,0],"22":[105,105],"23":[4,10],"24":[14,4],"25":[4,14],"26":[18,18,7,7,3],"27":[0,4],"28":[0,0]},"_coverageSchema":"43e27e138ebf9cfc5966b082cf9a028302ed4184","hash":"4b2a668ced8ce8b6e083564c426ecba25b909aac"}
}
