TN:
SF:/home/runner/work/simple-keyboard-input-mask/simple-keyboard-input-mask/src/index.js
FN:2,(anonymous_0)
FN:3,(anonymous_1)
FN:23,(anonymous_2)
FN:88,(anonymous_3)
FN:108,(anonymous_4)
FN:138,(anonymous_5)
FN:142,(anonymous_6)
FN:152,(anonymous_7)
FN:171,(anonymous_8)
FN:173,(anonymous_9)
FNF:10
FNH:9
FNDA:1,(anonymous_0)
FNDA:1,(anonymous_1)
FNDA:28,(anonymous_2)
FNDA:14,(anonymous_3)
FNDA:95,(anonymous_4)
FNDA:28,(anonymous_5)
FNDA:171,(anonymous_6)
FNDA:105,(anonymous_7)
FNDA:0,(anonymous_8)
FNDA:14,(anonymous_9)
DA:2,1
DA:3,1
DA:4,1
DA:5,0
DA:8,0
DA:11,1
DA:12,1
DA:15,1
DA:18,1
DA:19,1
DA:21,1
DA:23,1
DA:29,28
DA:30,28
DA:32,28
DA:40,14
DA:41,0
DA:44,14
DA:47,14
DA:54,14
DA:55,14
DA:57,14
DA:64,14
DA:67,10
DA:74,4
DA:77,14
DA:85,28
DA:88,1
DA:89,14
DA:94,14
DA:95,14
DA:96,14
DA:98,14
DA:99,95
DA:102,14
DA:104,0
DA:108,1
DA:109,95
DA:110,0
DA:117,95
DA:123,95
DA:130,95
DA:135,95
DA:138,1
DA:139,28
DA:142,1
DA:143,171
DA:152,1
DA:154,105
DA:156,105
DA:157,0
DA:161,105
DA:165,105
DA:171,1
DA:173,1
DA:174,14
DA:175,4
DA:177,10
DA:180,14
DA:182,14
DA:183,18
DA:189,4
DA:196,4
DA:197,0
DA:202,14
DA:206,14
LF:66
LH:59
BRDA:4,0,0,0
BRDA:4,0,1,1
BRDA:11,1,0,1
BRDA:11,1,1,0
BRDA:32,2,0,14
BRDA:32,2,1,14
BRDA:33,3,0,28
BRDA:33,3,1,28
BRDA:33,3,2,28
BRDA:33,3,3,28
BRDA:33,3,4,28
BRDA:40,4,0,0
BRDA:40,4,1,14
BRDA:54,5,0,14
BRDA:54,5,1,3
BRDA:55,6,0,14
BRDA:55,6,1,14
BRDA:64,7,0,10
BRDA:64,7,1,4
BRDA:89,8,0,14
BRDA:89,8,1,0
BRDA:90,9,0,14
BRDA:90,9,1,14
BRDA:90,9,2,14
BRDA:90,9,3,14
BRDA:96,10,0,14
BRDA:96,10,1,14
BRDA:109,11,0,0
BRDA:109,11,1,95
BRDA:109,12,0,95
BRDA:109,12,1,0
BRDA:109,13,0,95
BRDA:109,13,1,95
BRDA:117,14,0,95
BRDA:117,14,1,58
BRDA:123,15,0,95
BRDA:123,15,1,3
BRDA:130,16,0,95
BRDA:130,16,1,37
BRDA:130,16,2,37
BRDA:135,17,0,95
BRDA:135,17,1,37
BRDA:135,17,2,37
BRDA:139,18,0,28
BRDA:139,18,1,28
BRDA:144,19,0,171
BRDA:144,19,1,170
BRDA:144,19,2,137
BRDA:156,20,0,0
BRDA:156,20,1,105
BRDA:158,21,0,0
BRDA:158,21,1,0
BRDA:162,22,0,105
BRDA:162,22,1,105
BRDA:174,23,0,4
BRDA:174,23,1,10
BRDA:174,24,0,14
BRDA:174,24,1,4
BRDA:183,25,0,4
BRDA:183,25,1,14
BRDA:184,26,0,18
BRDA:184,26,1,18
BRDA:184,26,2,7
BRDA:184,26,3,7
BRDA:184,26,4,3
BRDA:196,27,0,0
BRDA:196,27,1,4
BRDA:197,28,0,0
BRDA:197,28,1,0
BRF:69
BRH:57
end_of_record
